2023-09-17 22:45:36.619  INFO 71411 --- [restartedMain] i.g.c.msclientes.MsclientesApplication   : Starting MsclientesApplication using Java 20.0.2 on N0145224.local with PID 71411 (/Users/vinicius.saraiva/Projects/java-microservices-courser-dougllas-sousa/msclientes/target/classes started by vinicius.saraiva in /Users/vinicius.saraiva/Projects/java-microservices-courser-dougllas-sousa)
2023-09-17 22:45:36.624  INFO 71411 --- [restartedMain] i.g.c.msclientes.MsclientesApplication   : No active profile set, falling back to 1 default profile: "default"
2023-09-17 22:45:36.680  INFO 71411 --- [restartedMain] .e.DevToolsPropertyDefaultsPostProcessor : Devtools property defaults active! Set 'spring.devtools.add-properties' to 'false' to disable
2023-09-17 22:45:36.680  INFO 71411 --- [restartedMain] .e.DevToolsPropertyDefaultsPostProcessor : For additional web related logging consider setting the 'logging.level.web' property to 'DEBUG'
2023-09-17 22:45:37.822  INFO 71411 --- [restartedMain] .s.d.r.c.RepositoryConfigurationDelegate : Bootstrapping Spring Data JPA repositories in DEFAULT mode.
2023-09-17 22:45:37.935  INFO 71411 --- [restartedMain] .s.d.r.c.RepositoryConfigurationDelegate : Finished Spring Data repository scanning in 106 ms. Found 1 JPA repository interfaces.
2023-09-17 22:45:38.146  INFO 71411 --- [restartedMain] o.s.cloud.context.scope.GenericScope     : BeanFactory id=1ac8a9c4-a8cd-3653-9c27-d2816d1b0ed2
2023-09-17 22:45:38.656  INFO 71411 --- [restartedMain] o.s.b.w.embedded.tomcat.TomcatWebServer  : Tomcat initialized with port(s): 0 (http)
2023-09-17 22:45:38.663  INFO 71411 --- [restartedMain] o.apache.catalina.core.StandardService   : Starting service [Tomcat]
2023-09-17 22:45:38.664  INFO 71411 --- [restartedMain] org.apache.catalina.core.StandardEngine  : Starting Servlet engine: [Apache Tomcat/9.0.63]
2023-09-17 22:45:38.736  INFO 71411 --- [restartedMain] o.a.c.c.C.[Tomcat].[localhost].[/]       : Initializing Spring embedded WebApplicationContext
2023-09-17 22:45:38.738  INFO 71411 --- [restartedMain] w.s.c.ServletWebServerApplicationContext : Root WebApplicationContext: initialization completed in 2057 ms
2023-09-17 22:45:38.867  INFO 71411 --- [restartedMain] com.zaxxer.hikari.HikariDataSource       : HikariPool-1 - Starting...
2023-09-17 22:45:39.155  INFO 71411 --- [restartedMain] com.zaxxer.hikari.HikariDataSource       : HikariPool-1 - Start completed.
2023-09-17 22:45:39.184  INFO 71411 --- [restartedMain] o.s.b.a.h2.H2ConsoleAutoConfiguration    : H2 console available at '/h2-console'. Database available at 'jdbc:h2:mem:c7856838-ba4e-49c2-9142-dda1dc4a8cf1'
2023-09-17 22:45:39.442  INFO 71411 --- [restartedMain] o.hibernate.jpa.internal.util.LogHelper  : HHH000204: Processing PersistenceUnitInfo [name: default]
2023-09-17 22:45:39.467  INFO 71411 --- [restartedMain] org.hibernate.Version                    : HHH000412: Hibernate ORM core version 5.6.9.Final
2023-09-17 22:45:39.558  INFO 71411 --- [restartedMain] o.hibernate.annotations.common.Version   : HCANN000001: Hibernate Commons Annotations {5.1.2.Final}
2023-09-17 22:45:39.618  INFO 71411 --- [restartedMain] org.hibernate.dialect.Dialect            : HHH000400: Using dialect: org.hibernate.dialect.H2Dialect
2023-09-17 22:45:39.893  INFO 71411 --- [restartedMain] o.h.e.t.j.p.i.JtaPlatformInitiator       : HHH000490: Using JtaPlatform implementation: [org.hibernate.engine.transaction.jta.platform.internal.NoJtaPlatform]
2023-09-17 22:45:39.896  INFO 71411 --- [restartedMain] j.LocalContainerEntityManagerFactoryBean : Initialized JPA EntityManagerFactory for persistence unit 'default'
2023-09-17 22:45:40.245  WARN 71411 --- [restartedMain] JpaBaseConfiguration$JpaWebConfiguration : spring.jpa.open-in-view is enabled by default. Therefore, database queries may be performed during view rendering. Explicitly configure spring.jpa.open-in-view to disable this warning
2023-09-17 22:45:42.072  WARN 71411 --- [restartedMain] o.s.b.d.a.OptionalLiveReloadServer       : Unable to start LiveReload server
2023-09-17 22:45:42.091  INFO 71411 --- [restartedMain] DiscoveryClientOptionalArgsConfiguration : Eureka HTTP Client uses RestTemplate.
2023-09-17 22:45:42.150  WARN 71411 --- [restartedMain] iguration$LoadBalancerCaffeineWarnLogger : Spring Cloud LoadBalancer is currently working with the default cache. While this cache implementation is useful for development and tests, it's recommended to use Caffeine cache in production.You can switch to using Caffeine cache, by adding it and org.springframework.cache.caffeine.CaffeineCacheManager to the classpath.
2023-09-17 22:45:42.155  INFO 71411 --- [restartedMain] o.s.b.a.e.web.EndpointLinksResolver      : Exposing 17 endpoint(s) beneath base path '/actuator'
2023-09-17 22:45:42.241  INFO 71411 --- [restartedMain] o.s.b.w.embedded.tomcat.TomcatWebServer  : Tomcat started on port(s): 50118 (http) with context path ''
2023-09-17 22:45:42.243  INFO 71411 --- [restartedMain] .s.c.n.e.s.EurekaAutoServiceRegistration : Updating port to 50118
2023-09-17 22:45:42.245  INFO 71411 --- [restartedMain] o.s.c.n.eureka.InstanceInfoFactory       : Setting initial instance status as: STARTING
2023-09-17 22:45:42.265  INFO 71411 --- [restartedMain] com.netflix.discovery.DiscoveryClient    : Initializing Eureka in region us-east-1
2023-09-17 22:45:42.271  INFO 71411 --- [restartedMain] c.n.d.s.r.aws.ConfigClusterResolver      : Resolving eureka endpoints via configuration
2023-09-17 22:45:42.288  INFO 71411 --- [restartedMain] com.netflix.discovery.DiscoveryClient    : Disable delta property : false
2023-09-17 22:45:42.289  INFO 71411 --- [restartedMain] com.netflix.discovery.DiscoveryClient    : Single vip registry refresh property : null
2023-09-17 22:45:42.289  INFO 71411 --- [restartedMain] com.netflix.discovery.DiscoveryClient    : Force full registry fetch : false
2023-09-17 22:45:42.289  INFO 71411 --- [restartedMain] com.netflix.discovery.DiscoveryClient    : Application is null : false
2023-09-17 22:45:42.289  INFO 71411 --- [restartedMain] com.netflix.discovery.DiscoveryClient    : Registered Applications size is zero : true
2023-09-17 22:45:42.289  INFO 71411 --- [restartedMain] com.netflix.discovery.DiscoveryClient    : Application version is -1: true
2023-09-17 22:45:42.289  INFO 71411 --- [restartedMain] com.netflix.discovery.DiscoveryClient    : Getting all instance registry info from the eureka server
2023-09-17 22:45:42.959  INFO 71411 --- [restartedMain] com.netflix.discovery.DiscoveryClient    : The response status is 200
2023-09-17 22:45:42.971  INFO 71411 --- [restartedMain] com.netflix.discovery.DiscoveryClient    : Starting heartbeat executor: renew interval is: 30
2023-09-17 22:45:42.973  INFO 71411 --- [restartedMain] c.n.discovery.InstanceInfoReplicator     : InstanceInfoReplicator onDemand update allowed rate per min is 4
2023-09-17 22:45:42.978  INFO 71411 --- [restartedMain] com.netflix.discovery.DiscoveryClient    : Discovery Client initialized at timestamp 1695001542978 with initial instances count: 1
2023-09-17 22:45:43.010  INFO 71411 --- [restartedMain] o.s.c.n.e.s.EurekaServiceRegistry        : Registering application MSCLIENTES with eureka with status UP
2023-09-17 22:45:43.011  INFO 71411 --- [restartedMain] com.netflix.discovery.DiscoveryClient    : Saw local status change event StatusChangeEvent [timestamp=1695001543011, current=UP, previous=STARTING]
2023-09-17 22:45:43.012  INFO 71411 --- [DiscoveryClient-InstanceInfoReplicator-0] com.netflix.discovery.DiscoveryClient    : DiscoveryClient_MSCLIENTES/msclientes:704eede408a7bdcd789472b75a9be201: registering service...
2023-09-17 22:45:43.076  INFO 71411 --- [restartedMain] i.g.c.msclientes.MsclientesApplication   : Started MsclientesApplication in 6.994 seconds (JVM running for 7.832)
2023-09-17 22:45:43.162  INFO 71411 --- [DiscoveryClient-InstanceInfoReplicator-0] com.netflix.discovery.DiscoveryClient    : DiscoveryClient_MSCLIENTES/msclientes:704eede408a7bdcd789472b75a9be201 - registration status: 204
2023-09-17 22:45:43.173  INFO 71411 --- [RMI TCP Connection(1)-127.0.0.1] o.a.c.c.C.[Tomcat].[localhost].[/]       : Initializing Spring DispatcherServlet 'dispatcherServlet'
2023-09-17 22:45:43.174  INFO 71411 --- [RMI TCP Connection(1)-127.0.0.1] o.s.web.servlet.DispatcherServlet        : Initializing Servlet 'dispatcherServlet'
2023-09-17 22:45:43.175  INFO 71411 --- [RMI TCP Connection(1)-127.0.0.1] o.s.web.servlet.DispatcherServlet        : Completed initialization in 1 ms
2023-09-17 22:49:29.150  INFO 71411 --- [SpringApplicationShutdownHook] o.s.c.n.e.s.EurekaServiceRegistry        : Unregistering application MSCLIENTES with eureka with status DOWN
2023-09-17 22:49:29.153  INFO 71411 --- [SpringApplicationShutdownHook] com.netflix.discovery.DiscoveryClient    : Saw local status change event StatusChangeEvent [timestamp=1695001769153, current=DOWN, previous=UP]
2023-09-17 22:49:29.154  INFO 71411 --- [DiscoveryClient-InstanceInfoReplicator-0] com.netflix.discovery.DiscoveryClient    : DiscoveryClient_MSCLIENTES/msclientes:704eede408a7bdcd789472b75a9be201: registering service...
2023-09-17 22:49:29.181  INFO 71411 --- [DiscoveryClient-InstanceInfoReplicator-0] com.netflix.discovery.DiscoveryClient    : DiscoveryClient_MSCLIENTES/msclientes:704eede408a7bdcd789472b75a9be201 - registration status: 204
2023-09-17 22:49:29.192  INFO 71411 --- [SpringApplicationShutdownHook] j.LocalContainerEntityManagerFactoryBean : Closing JPA EntityManagerFactory for persistence unit 'default'
2023-09-17 22:49:29.193  INFO 71411 --- [SpringApplicationShutdownHook] .SchemaDropperImpl$DelayedDropActionImpl : HHH000477: Starting delayed evictData of schema as part of SessionFactory shut-down'
2023-09-17 22:49:29.409  WARN 71411 --- [SpringApplicationShutdownHook] o.s.b.f.support.DisposableBeanAdapter    : Invocation of destroy method failed on bean with name 'inMemoryDatabaseShutdownExecutor': org.h2.jdbc.JdbcSQLNonTransientConnectionException: Database is already closed (to disable automatic closing at VM shutdown, add ";DB_CLOSE_ON_EXIT=FALSE" to the db URL) [90121-212]
2023-09-17 22:49:29.411  INFO 71411 --- [SpringApplicationShutdownHook] com.zaxxer.hikari.HikariDataSource       : HikariPool-1 - Shutdown initiated...
2023-09-17 22:49:29.414  INFO 71411 --- [SpringApplicationShutdownHook] com.zaxxer.hikari.HikariDataSource       : HikariPool-1 - Shutdown completed.
2023-09-17 22:49:29.416  INFO 71411 --- [SpringApplicationShutdownHook] com.netflix.discovery.DiscoveryClient    : Shutting down DiscoveryClient ...
2023-09-17 22:49:32.430  INFO 71411 --- [SpringApplicationShutdownHook] com.netflix.discovery.DiscoveryClient    : Unregistering ...
2023-09-17 22:49:32.469  INFO 71411 --- [SpringApplicationShutdownHook] com.netflix.discovery.DiscoveryClient    : DiscoveryClient_MSCLIENTES/msclientes:704eede408a7bdcd789472b75a9be201 - deregister  status: 200
2023-09-17 22:49:32.478  INFO 71411 --- [SpringApplicationShutdownHook] com.netflix.discovery.DiscoveryClient    : Completed shut down of DiscoveryClient
2023-09-17 22:49:38.409  INFO 71574 --- [restartedMain] i.g.c.msclientes.MsclientesApplication   : Starting MsclientesApplication using Java 20.0.2 on N0145224.local with PID 71574 (/Users/vinicius.saraiva/Projects/java-microservices-courser-dougllas-sousa/msclientes/target/classes started by vinicius.saraiva in /Users/vinicius.saraiva/Projects/java-microservices-courser-dougllas-sousa)
2023-09-17 22:49:38.410  INFO 71574 --- [restartedMain] i.g.c.msclientes.MsclientesApplication   : No active profile set, falling back to 1 default profile: "default"
2023-09-17 22:49:38.451  INFO 71574 --- [restartedMain] .e.DevToolsPropertyDefaultsPostProcessor : Devtools property defaults active! Set 'spring.devtools.add-properties' to 'false' to disable
2023-09-17 22:49:38.451  INFO 71574 --- [restartedMain] .e.DevToolsPropertyDefaultsPostProcessor : For additional web related logging consider setting the 'logging.level.web' property to 'DEBUG'
2023-09-17 22:49:39.558  INFO 71574 --- [restartedMain] .s.d.r.c.RepositoryConfigurationDelegate : Bootstrapping Spring Data JPA repositories in DEFAULT mode.
2023-09-17 22:49:39.669  INFO 71574 --- [restartedMain] .s.d.r.c.RepositoryConfigurationDelegate : Finished Spring Data repository scanning in 105 ms. Found 1 JPA repository interfaces.
2023-09-17 22:49:39.884  INFO 71574 --- [restartedMain] o.s.cloud.context.scope.GenericScope     : BeanFactory id=1ac8a9c4-a8cd-3653-9c27-d2816d1b0ed2
2023-09-17 22:49:40.382  INFO 71574 --- [restartedMain] o.s.b.w.embedded.tomcat.TomcatWebServer  : Tomcat initialized with port(s): 0 (http)
2023-09-17 22:49:40.389  INFO 71574 --- [restartedMain] o.apache.catalina.core.StandardService   : Starting service [Tomcat]
2023-09-17 22:49:40.389  INFO 71574 --- [restartedMain] org.apache.catalina.core.StandardEngine  : Starting Servlet engine: [Apache Tomcat/9.0.63]
2023-09-17 22:49:40.466  INFO 71574 --- [restartedMain] o.a.c.c.C.[Tomcat].[localhost].[/]       : Initializing Spring embedded WebApplicationContext
2023-09-17 22:49:40.466  INFO 71574 --- [restartedMain] w.s.c.ServletWebServerApplicationContext : Root WebApplicationContext: initialization completed in 2014 ms
2023-09-17 22:49:40.577  INFO 71574 --- [restartedMain] com.zaxxer.hikari.HikariDataSource       : HikariPool-1 - Starting...
2023-09-17 22:49:40.855  INFO 71574 --- [restartedMain] com.zaxxer.hikari.HikariDataSource       : HikariPool-1 - Start completed.
2023-09-17 22:49:40.884  INFO 71574 --- [restartedMain] o.s.b.a.h2.H2ConsoleAutoConfiguration    : H2 console available at '/h2-console'. Database available at 'jdbc:h2:mem:9eb475c4-6d3e-44ad-a2fd-06086a904cbf'
2023-09-17 22:49:41.157  INFO 71574 --- [restartedMain] o.hibernate.jpa.internal.util.LogHelper  : HHH000204: Processing PersistenceUnitInfo [name: default]
2023-09-17 22:49:41.180  INFO 71574 --- [restartedMain] org.hibernate.Version                    : HHH000412: Hibernate ORM core version 5.6.9.Final
2023-09-17 22:49:41.264  INFO 71574 --- [restartedMain] o.hibernate.annotations.common.Version   : HCANN000001: Hibernate Commons Annotations {5.1.2.Final}
2023-09-17 22:49:41.317  INFO 71574 --- [restartedMain] org.hibernate.dialect.Dialect            : HHH000400: Using dialect: org.hibernate.dialect.H2Dialect
2023-09-17 22:49:41.598  INFO 71574 --- [restartedMain] o.h.e.t.j.p.i.JtaPlatformInitiator       : HHH000490: Using JtaPlatform implementation: [org.hibernate.engine.transaction.jta.platform.internal.NoJtaPlatform]
2023-09-17 22:49:41.602  INFO 71574 --- [restartedMain] j.LocalContainerEntityManagerFactoryBean : Initialized JPA EntityManagerFactory for persistence unit 'default'
2023-09-17 22:49:41.956  WARN 71574 --- [restartedMain] JpaBaseConfiguration$JpaWebConfiguration : spring.jpa.open-in-view is enabled by default. Therefore, database queries may be performed during view rendering. Explicitly configure spring.jpa.open-in-view to disable this warning
2023-09-17 22:49:43.799  WARN 71574 --- [restartedMain] o.s.b.d.a.OptionalLiveReloadServer       : Unable to start LiveReload server
2023-09-17 22:49:43.820  INFO 71574 --- [restartedMain] DiscoveryClientOptionalArgsConfiguration : Eureka HTTP Client uses RestTemplate.
2023-09-17 22:49:43.876  WARN 71574 --- [restartedMain] iguration$LoadBalancerCaffeineWarnLogger : Spring Cloud LoadBalancer is currently working with the default cache. While this cache implementation is useful for development and tests, it's recommended to use Caffeine cache in production.You can switch to using Caffeine cache, by adding it and org.springframework.cache.caffeine.CaffeineCacheManager to the classpath.
2023-09-17 22:49:43.880  INFO 71574 --- [restartedMain] o.s.b.a.e.web.EndpointLinksResolver      : Exposing 17 endpoint(s) beneath base path '/actuator'
2023-09-17 22:49:43.966  INFO 71574 --- [restartedMain] o.s.b.w.embedded.tomcat.TomcatWebServer  : Tomcat started on port(s): 50318 (http) with context path ''
2023-09-17 22:49:43.967  INFO 71574 --- [restartedMain] .s.c.n.e.s.EurekaAutoServiceRegistration : Updating port to 50318
2023-09-17 22:49:43.972  INFO 71574 --- [restartedMain] o.s.c.n.eureka.InstanceInfoFactory       : Setting initial instance status as: STARTING
2023-09-17 22:49:43.993  INFO 71574 --- [restartedMain] com.netflix.discovery.DiscoveryClient    : Initializing Eureka in region us-east-1
2023-09-17 22:49:43.999  INFO 71574 --- [restartedMain] c.n.d.s.r.aws.ConfigClusterResolver      : Resolving eureka endpoints via configuration
2023-09-17 22:49:44.015  INFO 71574 --- [restartedMain] com.netflix.discovery.DiscoveryClient    : Disable delta property : false
2023-09-17 22:49:44.016  INFO 71574 --- [restartedMain] com.netflix.discovery.DiscoveryClient    : Single vip registry refresh property : null
2023-09-17 22:49:44.016  INFO 71574 --- [restartedMain] com.netflix.discovery.DiscoveryClient    : Force full registry fetch : false
2023-09-17 22:49:44.016  INFO 71574 --- [restartedMain] com.netflix.discovery.DiscoveryClient    : Application is null : false
2023-09-17 22:49:44.016  INFO 71574 --- [restartedMain] com.netflix.discovery.DiscoveryClient    : Registered Applications size is zero : true
2023-09-17 22:49:44.016  INFO 71574 --- [restartedMain] com.netflix.discovery.DiscoveryClient    : Application version is -1: true
2023-09-17 22:49:44.016  INFO 71574 --- [restartedMain] com.netflix.discovery.DiscoveryClient    : Getting all instance registry info from the eureka server
2023-09-17 22:49:44.687  INFO 71574 --- [restartedMain] com.netflix.discovery.DiscoveryClient    : The response status is 200
2023-09-17 22:49:44.698  INFO 71574 --- [restartedMain] com.netflix.discovery.DiscoveryClient    : Starting heartbeat executor: renew interval is: 30
2023-09-17 22:49:44.701  INFO 71574 --- [restartedMain] c.n.discovery.InstanceInfoReplicator     : InstanceInfoReplicator onDemand update allowed rate per min is 4
2023-09-17 22:49:44.705  INFO 71574 --- [restartedMain] com.netflix.discovery.DiscoveryClient    : Discovery Client initialized at timestamp 1695001784705 with initial instances count: 2
2023-09-17 22:49:44.736  INFO 71574 --- [restartedMain] o.s.c.n.e.s.EurekaServiceRegistry        : Registering application MSCLIENTES with eureka with status UP
2023-09-17 22:49:44.737  INFO 71574 --- [restartedMain] com.netflix.discovery.DiscoveryClient    : Saw local status change event StatusChangeEvent [timestamp=1695001784737, current=UP, previous=STARTING]
2023-09-17 22:49:44.738  INFO 71574 --- [DiscoveryClient-InstanceInfoReplicator-0] com.netflix.discovery.DiscoveryClient    : DiscoveryClient_MSCLIENTES/msclientes:dec68a2f4ddcb632b9e1c844f5fb89ab: registering service...
2023-09-17 22:49:44.799  INFO 71574 --- [restartedMain] i.g.c.msclientes.MsclientesApplication   : Started MsclientesApplication in 6.862 seconds (JVM running for 7.726)
2023-09-17 22:49:44.884  INFO 71574 --- [DiscoveryClient-InstanceInfoReplicator-0] com.netflix.discovery.DiscoveryClient    : DiscoveryClient_MSCLIENTES/msclientes:dec68a2f4ddcb632b9e1c844f5fb89ab - registration status: 204
2023-09-17 22:49:44.924  INFO 71574 --- [RMI TCP Connection(3)-127.0.0.1] o.a.c.c.C.[Tomcat].[localhost].[/]       : Initializing Spring DispatcherServlet 'dispatcherServlet'
2023-09-17 22:49:44.924  INFO 71574 --- [RMI TCP Connection(3)-127.0.0.1] o.s.web.servlet.DispatcherServlet        : Initializing Servlet 'dispatcherServlet'
2023-09-17 22:49:44.925  INFO 71574 --- [RMI TCP Connection(3)-127.0.0.1] o.s.web.servlet.DispatcherServlet        : Completed initialization in 0 ms
2023-09-17 22:50:18.143  INFO 71574 --- [http-nio-auto-1-exec-2] o.springdoc.api.AbstractOpenApiResource  : Init duration for springdoc-openapi is: 149 ms
